<?xml version="1.0" encoding="utf-8"?><testsuites name="pytest tests"><testsuite name="pytest" errors="0" failures="0" skipped="0" tests="49" time="5.591" timestamp="2026-07-28T21:54:27.584820+00:00" hostname="agent-env-11410ea2-7786-41aa-b4b4-f703760db79c"><testcase classname="tests.backend_test.TestStaffAndPermissions" name="test_admin_create_funcionario" time="1.060" /><testcase classname="tests.backend_test.TestStaffAndPermissions" name="test_list_staff_admin" time="0.062" /><testcase classname="tests.backend_test.TestRegistadora" name="test_setup_product" time="1.186" /><testcase classname="tests.backend_test.TestStaffAndPermissions" name="test_funcionario_login" time="0.424" /><testcase classname="tests.backend_test.TestRegistadora" name="test_open_table" time="0.096" /><testcase classname="tests.backend_test.TestRegistadora" name="test_list_open_orders" time="0.268" /><testcase classname="tests.backend_test.TestStaffAndPermissions" name="test_funcionario_forbidden_products_post" time="0.070" /><testcase classname="tests.backend_test.TestRegistadora" name="test_add_item_deducts_stock" time="0.183" /><testcase classname="tests.backend_test.TestStaffAndPermissions" name="test_funcionario_forbidden_staff_list" time="0.062" /><testcase classname="tests.backend_test.TestStaffAndPermissions" name="test_funcionario_forbidden_orders_list" time="0.063" /><testcase classname="tests.backend_test.TestRegistadora" name="test_add_item_insufficient_stock" time="0.069" /><testcase classname="tests.backend_test.TestStaffAndPermissions" name="test_funcionario_forbidden_orders_open" time="0.103" /><testcase classname="tests.backend_test.TestRegistadora" name="test_remove_item_returns_stock" time="0.141" /><testcase classname="tests.backend_test.TestStaffAndPermissions" name="test_funcionario_forbidden_orders_add_item" time="0.069" /><testcase classname="tests.backend_test.TestStaffAndPermissions" name="test_funcionario_forbidden_orders_close" time="0.066" /><testcase classname="tests.backend_test.TestRegistadora" name="test_close_empty_order_400" time="0.071" /><testcase classname="tests.backend_test.TestStaffAndPermissions" name="test_funcionario_forbidden_orders_cancel" time="0.069" /><testcase classname="tests.backend_test.TestRegistadora" name="test_add_and_close" time="0.274" /><testcase classname="tests.backend_test.TestStaffAndPermissions" name="test_funcionario_forbidden_staff_post" time="0.082" /><testcase classname="tests.backend_test.TestStaffAndPermissions" name="test_funcionario_can_get_products" time="0.075" /><testcase classname="tests.backend_test.TestStaffAndPermissions" name="test_funcionario_forbidden_settings_put" time="0.075" /><testcase classname="tests.backend_test.TestStaffAndPermissions" name="test_funcionario_can_timeclock_status" time="0.070" /><testcase classname="tests.backend_test.TestRegistadora" name="test_dashboard_reflects_sales_and_open_tables" time="0.253" /><testcase classname="tests.backend_test.TestStaffAndPermissions" name="test_punch_far_rejected" time="0.133" /><testcase classname="tests.backend_test.TestStaffAndPermissions" name="test_punch_near_entrada_then_saida" time="0.329" /><testcase classname="tests.backend_test.TestRegistadora" name="test_cancel_open_returns_stock" time="0.341" /><testcase classname="tests.backend_test.TestStaffAndPermissions" name="test_timeclock_entries_scoped" time="0.111" /><testcase classname="tests.backend_test.TestRegistadora" name="test_add_item_order_not_found" time="0.111" /><testcase classname="tests.backend_test.TestStaffAndPermissions" name="test_update_staff_permissions" time="0.059" /><testcase classname="tests.backend_test.TestStaffAndPermissions" name="test_cannot_delete_self" time="0.113" /><testcase classname="tests.backend_test.TestRegistadora" name="test_invoices_endpoint_removed" time="0.068" /><testcase classname="tests.backend_test.TestStock" name="test_create_product" time="0.110" /><testcase classname="tests.backend_test.TestStaffAndPermissions" name="test_delete_staff" time="0.057" /><testcase classname="tests.backend_test.TestAuth" name="test_login_sets_cookie_and_no_token_in_body" time="0.000" /><testcase classname="tests.backend_test.TestAuth" name="test_login_invalid" time="0.342" /><testcase classname="tests.backend_test.TestStock" name="test_list_products_contains" time="0.067" /><testcase classname="tests.backend_test.TestStock" name="test_update_product" time="0.265" /><testcase classname="tests.backend_test.TestAuth" name="test_me_with_cookie" time="0.056" /><testcase classname="tests.backend_test.TestStock" name="test_movement_entrada" time="0.163" /><testcase classname="tests.backend_test.TestAuth" name="test_me_without_cookie_401" time="0.181" /><testcase classname="tests.backend_test.TestStock" name="test_movement_saida" time="0.152" /><testcase classname="tests.backend_test.TestAuth" name="test_logout_clears_cookie" time="0.897" /><testcase classname="tests.backend_test.TestStock" name="test_movement_insufficient" time="0.078" /><testcase classname="tests.backend_test.TestStock" name="test_low_stock_reflected" time="0.487" /><testcase classname="tests.backend_test.TestConsumo" name="test_register_consumption_deducts_stock" time="0.262" /><testcase classname="tests.backend_test.TestSettings" name="test_update_settings_admin" time="0.058" /><testcase classname="tests.backend_test.TestConsumo" name="test_list_consumption_admin" time="0.106" /><testcase classname="tests.backend_test.TestSettings" name="test_get_settings" time="0.159" /><testcase classname="tests.backend_test.TestDashboard" name="test_dashboard_kpis" time="0.174" /></testsuite></testsuites>