<?xml version="1.0" encoding="utf-8"?><testsuites name="pytest tests"><testsuite name="pytest" errors="0" failures="0" skipped="0" tests="90" time="8.704" timestamp="2026-08-01T19:30:06.064672+00:00" hostname="agent-env-11410ea2-7786-41aa-b4b4-f703760db79c"><testcase classname="tests.backend_test.TestNewPermissionModel" name="test_create_admin_gets_all_modules" time="1.126" /><testcase classname="tests.backend_test.TestStaffAndPermissions" name="test_admin_create_funcionario" time="1.127" /><testcase classname="tests.backend_test.TestNewPermissionModel" name="test_create_gestor_keeps_only_selected" time="0.271" /><testcase classname="tests.backend_test.TestStaffAndPermissions" name="test_list_staff_admin" time="0.270" /><testcase classname="tests.backend_test.TestNewPermissionModel" name="test_create_funcionario_keeps_only_selected" time="0.274" /><testcase classname="tests.backend_test.TestStaffAndPermissions" name="test_funcionario_login" time="0.503" /><testcase classname="tests.backend_test.TestNewPermissionModel" name="test_update_role_to_admin_grants_all" time="0.555" /><testcase classname="tests.backend_test.TestStaffAndPermissions" name="test_funcionario_forbidden_products_post" time="0.232" /><testcase classname="tests.backend_test.TestStaffAndPermissions" name="test_funcionario_forbidden_staff_list" time="0.045" /><testcase classname="tests.backend_test.TestStaffAndPermissions" name="test_funcionario_forbidden_orders_list" time="0.052" /><testcase classname="tests.backend_test.TestNewPermissionModel" name="test_login_gestor_and_funcionario" time="0.650" /><testcase classname="tests.backend_test.TestStaffAndPermissions" name="test_funcionario_forbidden_orders_open" time="0.046" /><testcase classname="tests.backend_test.TestStaffAndPermissions" name="test_funcionario_forbidden_orders_add_item" time="0.274" /><testcase classname="tests.backend_test.TestStaffAndPermissions" name="test_funcionario_forbidden_orders_close" time="0.046" /><testcase classname="tests.backend_test.TestStaffAndPermissions" name="test_funcionario_forbidden_orders_cancel" time="0.047" /><testcase classname="tests.backend_test.TestStaffAndPermissions" name="test_funcionario_forbidden_staff_post" time="0.229" /><testcase classname="tests.backend_test.TestStaffAndPermissions" name="test_funcionario_can_get_products" time="0.046" /><testcase classname="tests.backend_test.TestNewPermissionModel" name="test_gestor_partial_perms_consumption_allowed" time="0.047" /><testcase classname="tests.backend_test.TestStaffAndPermissions" name="test_funcionario_forbidden_settings_put" time="0.048" /><testcase classname="tests.backend_test.TestNewPermissionModel" name="test_gestor_partial_perms_orders_forbidden" time="0.096" /><testcase classname="tests.backend_test.TestStaffAndPermissions" name="test_funcionario_can_timeclock_status" time="0.051" /><testcase classname="tests.backend_test.TestNewPermissionModel" name="test_gestor_partial_perms_products_post_forbidden" time="0.047" /><testcase classname="tests.backend_test.TestStaffAndPermissions" name="test_punch_far_rejected" time="0.044" /><testcase classname="tests.backend_test.TestStaffAndPermissions" name="test_punch_near_entrada_then_saida" time="0.200" /><testcase classname="tests.backend_test.TestNewPermissionModel" name="test_gestor_partial_perms_products_get_allowed" time="0.047" /><testcase classname="tests.backend_test.TestNewPermissionModel" name="test_gestor_not_admin_cannot_create_staff" time="0.045" /><testcase classname="tests.backend_test.TestNewPermissionModel" name="test_gestor_not_admin_cannot_update_staff" time="0.047" /><testcase classname="tests.backend_test.TestNewPermissionModel" name="test_gestor_not_admin_cannot_delete_staff" time="0.092" /><testcase classname="tests.backend_test.TestStaffAndPermissions" name="test_timeclock_entries_scoped" time="0.048" /><testcase classname="tests.backend_test.TestNewPermissionModel" name="test_gestor_not_admin_cannot_edit_settings" time="0.045" /><testcase classname="tests.backend_test.TestStaffAndPermissions" name="test_update_staff_permissions" time="0.089" /><testcase classname="tests.backend_test.TestNewPermissionModel" name="test_gestor_without_staff_perm_cannot_list_staff" time="0.045" /><testcase classname="tests.backend_test.TestNewPermissionModel" name="test_setup_shared_product" time="0.088" /><testcase classname="tests.backend_test.TestStaffAndPermissions" name="test_cannot_delete_self" time="0.149" /><testcase classname="tests.backend_test.TestNewPermissionModel" name="test_funcionario_without_consumo_forbidden_to_register" time="0.043" /><testcase classname="tests.backend_test.TestNewPermissionModel" name="test_funcionario_granted_consumo_can_self_but_not_others" time="0.550" /><testcase classname="tests.backend_test.TestStaffAndPermissions" name="test_delete_staff" time="0.046" /><testcase classname="tests.backend_test.TestPOSConfig" name="test_get_pos_config_defaults" time="0.091" /><testcase classname="tests.backend_test.TestPOSConfig" name="test_put_pos_config_persists" time="0.340" /><testcase classname="tests.backend_test.TestPOSConfig" name="test_create_zone" time="0.088" /><testcase classname="tests.backend_test.TestNewPermissionModel" name="test_gestor_with_consumo_can_register_for_others" time="0.044" /><testcase classname="tests.backend_test.TestNewPermissionModel" name="test_funcionario_consumption_list_scoped_to_self" time="0.401" /><testcase classname="tests.backend_test.TestPOSConfig" name="test_list_zones_contains" time="0.046" /><testcase classname="tests.backend_test.TestPOSConfig" name="test_create_single_table" time="0.271" /><testcase classname="tests.backend_test.TestPOSConfig" name="test_bulk_tables" time="0.137" /><testcase classname="tests.backend_test.TestNewPermissionModel" name="test_gestor_with_consumo_sees_all_consumption" time="0.044" /><testcase classname="tests.backend_test.TestNewPermissionModel" name="test_funcionario_timeclock_entries_scoped" time="0.399" /><testcase classname="tests.backend_test.TestPOSConfig" name="test_create_category" time="0.307" /><testcase classname="tests.backend_test.TestPOSConfig" name="test_create_modifier_group" time="0.132" /><testcase classname="tests.backend_test.TestNewPermissionModel" name="test_gestor_with_picagem_sees_all_entries" time="0.451" /><testcase classname="tests.backend_test.TestPOSConfig" name="test_create_product_A_and_B" time="0.098" /><testcase classname="tests.backend_test.TestPOSConfig" name="test_create_combo" time="0.261" /><testcase classname="tests.backend_test.TestPOSConfig" name="test_open_order_by_table_id" time="0.089" /><testcase classname="tests.backend_test.TestNewPermissionModel" name="test_zz_cleanup" time="0.091" /><testcase classname="tests.backend_test.TestPOSConfig" name="test_open_same_table_returns_same_order" time="0.058" /><testcase classname="tests.backend_test.TestRegistadora" name="test_setup_product" time="0.047" /><testcase classname="tests.backend_test.TestPOSConfig" name="test_add_product_with_modifier" time="0.104" /><testcase classname="tests.backend_test.TestRegistadora" name="test_open_table" time="0.048" /><testcase classname="tests.backend_test.TestRegistadora" name="test_list_open_orders" time="0.046" /><testcase classname="tests.backend_test.TestPOSConfig" name="test_add_combo_deducts_components" time="0.099" /><testcase classname="tests.backend_test.TestRegistadora" name="test_add_item_deducts_stock" time="0.136" /><testcase classname="tests.backend_test.TestPOSConfig" name="test_patch_discount_percent_and_service" time="0.091" /><testcase classname="tests.backend_test.TestRegistadora" name="test_add_item_insufficient_stock" time="0.048" /><testcase classname="tests.backend_test.TestPOSConfig" name="test_close_order_with_payment_and_change" time="0.097" /><testcase classname="tests.backend_test.TestRegistadora" name="test_remove_item_returns_stock" time="0.134" /><testcase classname="tests.backend_test.TestPOSConfig" name="test_close_insufficient_payment_400" time="0.228" /><testcase classname="tests.backend_test.TestRegistadora" name="test_close_empty_order_400" time="0.086" /><testcase classname="tests.backend_test.TestRegistadora" name="test_add_and_close" time="0.181" /><testcase classname="tests.backend_test.TestPOSConfig" name="test_zz_cleanup_pos" time="0.442" /><testcase classname="tests.backend_test.TestRegistadora" name="test_dashboard_reflects_sales_and_open_tables" time="0.150" /><testcase classname="tests.backend_test.TestRegistadora" name="test_cancel_open_returns_stock" time="0.314" /><testcase classname="tests.backend_test.TestStock" name="test_create_product" time="0.046" /><testcase classname="tests.backend_test.TestStock" name="test_list_products_contains" time="0.046" /><testcase classname="tests.backend_test.TestStock" name="test_update_product" time="0.048" /><testcase classname="tests.backend_test.TestRegistadora" name="test_add_item_order_not_found" time="0.089" /><testcase classname="tests.backend_test.TestStock" name="test_movement_entrada" time="0.094" /><testcase classname="tests.backend_test.TestRegistadora" name="test_invoices_endpoint_removed" time="0.046" /><testcase classname="tests.backend_test.TestStock" name="test_movement_saida" time="0.343" /><testcase classname="tests.backend_test.TestAuth" name="test_login_sets_cookie_and_no_token_in_body" time="0.000" /><testcase classname="tests.backend_test.TestAuth" name="test_login_invalid" time="0.327" /><testcase classname="tests.backend_test.TestAuth" name="test_me_with_cookie" time="0.048" /><testcase classname="tests.backend_test.TestStock" name="test_movement_insufficient" time="0.047" /><testcase classname="tests.backend_test.TestStock" name="test_low_stock_reflected" time="0.046" /><testcase classname="tests.backend_test.TestAuth" name="test_me_without_cookie_401" time="0.151" /><testcase classname="tests.backend_test.TestSettings" name="test_update_settings_admin" time="0.043" /><testcase classname="tests.backend_test.TestSettings" name="test_get_settings" time="0.047" /><testcase classname="tests.backend_test.TestDashboard" name="test_dashboard_kpis" time="0.051" /><testcase classname="tests.backend_test.TestAuth" name="test_logout_clears_cookie" time="0.485" /><testcase classname="tests.backend_test.TestConsumo" name="test_register_consumption_deducts_stock" time="0.139" /><testcase classname="tests.backend_test.TestConsumo" name="test_list_consumption_admin" time="0.046" /></testsuite></testsuites>